This file contains any messages produced by compilers while
running configure, to aid debugging if configure makes a mistake.

It was created by libusbx configure 1.0.16, which was
generated by GNU Autoconf 2.69.  Invocation command line was

  $ ./configure --host=arm-none-linux-gnueabi --prefix= --disable-udev

## --------- ##
## Platform. ##
## --------- ##

hostname = xxha-PAF4
uname -m = i686
uname -r = 3.5.0-28-generic
uname -s = Linux
uname -v = #47-Ubuntu SMP Tue Apr 9 18:58:12 UTC 2013

/usr/bin/uname -p = unknown
/bin/uname -X     = unknown

/bin/arch              = unknown
/usr/bin/arch -k       = unknown
/usr/convex/getsysinfo = unknown
/usr/bin/hostinfo      = unknown
/bin/machine           = unknown
/usr/bin/oslevel       = unknown
/bin/universe          = unknown

PATH: /home/xxha/.rbenv/shims
PATH: /home/xxha/.rbenv/bin
PATH: /usr/local/sbin
PATH: /usr/local/bin
PATH: /usr/sbin
PATH: /usr/bin
PATH: /sbin
PATH: /bin
PATH: /usr/games
PATH: /usr/local/games
PATH: /home/xxha/cross_compile/gcc-4.1.2-glibc-2.5-nptl-3/arm-none-linux-gnueabi/bin/
PATH: /home/xxha/veex/igm/cross-tools/powerpc-860-linux-gnu/bin
PATH: /usr/local/arm/3.4.1/bin
PATH: /home/xxha/veex/tx300s/cross-tools/arm-fsl-linux-gnueabi/bin


## ----------- ##
## Core tests. ##
## ----------- ##

configure:2409: checking for a BSD-compatible install
configure:2477: result: /usr/bin/install -c
configure:2488: checking whether build environment is sane
configure:2543: result: yes
configure:2602: checking for arm-none-linux-gnueabi-strip
configure:2618: found /home/xxha/cross_compile/gcc-4.1.2-glibc-2.5-nptl-3/arm-none-linux-gnueabi/bin//arm-none-linux-gnueabi-strip
configure:2629: result: arm-none-linux-gnueabi-strip
configure:2694: checking for a thread-safe mkdir -p
configure:2733: result: /bin/mkdir -p
configure:2740: checking for gawk
configure:2756: found /usr/bin/gawk
configure:2767: result: gawk
configure:2778: checking whether make sets $(MAKE)
configure:2800: result: yes
configure:2829: checking whether make supports nested variables
configure:2846: result: yes
configure:2931: checking whether to enable maintainer-specific portions of Makefiles
configure:2940: result: no
configure:2969: checking whether make supports nested variables
configure:2986: result: yes
configure:3007: checking for arm-none-linux-gnueabi-gcc
configure:3023: found /home/xxha/cross_compile/gcc-4.1.2-glibc-2.5-nptl-3/arm-none-linux-gnueabi/bin//arm-none-linux-gnueabi-gcc
configure:3034: result: arm-none-linux-gnueabi-gcc
configure:3303: checking for C compiler version
configure:3312: arm-none-linux-gnueabi-gcc --version >&5
arm-none-linux-gnueabi-gcc (GCC) 4.1.2
Copyright (C) 2006 Free Software Foundation, Inc.
This is free software; see the source for copying conditions.  There is NO
warranty; not even for MERCHANTABILITY or FITNESS FOR A PARTICULAR PURPOSE.

configure:3323: $? = 0
configure:3312: arm-none-linux-gnueabi-gcc -v >&5
Using built-in specs.
Target: arm-none-linux-gnueabi
Configured with: /usr/src/redhat/BUILD/cross-mlib/source/gcc-4.1.2/configure --target=arm-none-linux-gnueabi --host=i686-host_pc-linux-gnu --prefix=/opt/freescale/usr/local/gcc-4.1.2-glibc-2.5-nptl-3/arm-none-linux-gnueabi --with-sysroot=/opt/freescale/usr/local/gcc-4.1.2-glibc-2.5-nptl-3/arm-none-linux-gnueabi/arm-none-linux-gnueabi/sysroot --enable-threads --enable-shared --disable-libssp --disable-libgomp --disable-libmudflap --enable-languages=c,c++ --enable-__cxa_atexit --disable-nls
Thread model: posix
gcc version 4.1.2
configure:3323: $? = 0
configure:3312: arm-none-linux-gnueabi-gcc -V >&5
arm-none-linux-gnueabi-gcc: '-V' option must have argument
configure:3323: $? = 1
configure:3312: arm-none-linux-gnueabi-gcc -qversion >&5
arm-none-linux-gnueabi-gcc: unrecognized option '-qversion'
arm-none-linux-gnueabi-gcc: no input files
configure:3323: $? = 1
configure:3343: checking whether the C compiler works
configure:3365: arm-none-linux-gnueabi-gcc    conftest.c  >&5
configure:3369: $? = 0
configure:3417: result: yes
configure:3420: checking for C compiler default output file name
configure:3422: result: a.out
configure:3428: checking for suffix of executables
configure:3435: arm-none-linux-gnueabi-gcc -o conftest    conftest.c  >&5
configure:3439: $? = 0
configure:3461: result: 
configure:3483: checking whether we are cross compiling
configure:3491: arm-none-linux-gnueabi-gcc -o conftest    conftest.c  >&5
configure:3495: $? = 0
configure:3502: ./conftest
./configure: line 3504: ./conftest: cannot execute binary file
configure:3506: $? = 126
configure:3521: result: yes
configure:3526: checking for suffix of object files
configure:3548: arm-none-linux-gnueabi-gcc -c   conftest.c >&5
configure:3552: $? = 0
configure:3573: result: o
configure:3577: checking whether we are using the GNU C compiler
configure:3596: arm-none-linux-gnueabi-gcc -c   conftest.c >&5
configure:3596: $? = 0
configure:3605: result: yes
configure:3614: checking whether arm-none-linux-gnueabi-gcc accepts -g
configure:3634: arm-none-linux-gnueabi-gcc -c -g  conftest.c >&5
configure:3634: $? = 0
configure:3675: result: yes
configure:3692: checking for arm-none-linux-gnueabi-gcc option to accept ISO C89
configure:3755: arm-none-linux-gnueabi-gcc  -c -g -O2  conftest.c >&5
configure:3755: $? = 0
configure:3768: result: none needed
configure:3799: checking for style of include used by make
configure:3827: result: GNU
configure:3853: checking dependency style of arm-none-linux-gnueabi-gcc
configure:3964: result: gcc3
configure:4008: checking build system type
configure:4022: result: i686-pc-linux-gnu
configure:4042: checking host system type
configure:4055: result: arm-none-linux-gnueabi
configure:4096: checking how to print strings
configure:4123: result: printf
configure:4144: checking for a sed that does not truncate output
configure:4208: result: /bin/sed
configure:4226: checking for grep that handles long lines and -e
configure:4284: result: /bin/grep
configure:4289: checking for egrep
configure:4351: result: /bin/grep -E
configure:4356: checking for fgrep
configure:4418: result: /bin/grep -F
configure:4453: checking for ld used by arm-none-linux-gnueabi-gcc
configure:4520: result: /home/xxha/cross_compile/gcc-4.1.2-glibc-2.5-nptl-3/arm-none-linux-gnueabi/arm-none-linux-gnueabi/bin/ld
configure:4527: checking if the linker (/home/xxha/cross_compile/gcc-4.1.2-glibc-2.5-nptl-3/arm-none-linux-gnueabi/arm-none-linux-gnueabi/bin/ld) is GNU ld
configure:4542: result: yes
configure:4554: checking for BSD- or MS-compatible name lister (nm)
configure:4603: result: /home/xxha/cross_compile/gcc-4.1.2-glibc-2.5-nptl-3/arm-none-linux-gnueabi/bin//arm-none-linux-gnueabi-nm -B
configure:4733: checking the name lister (/home/xxha/cross_compile/gcc-4.1.2-glibc-2.5-nptl-3/arm-none-linux-gnueabi/bin//arm-none-linux-gnueabi-nm -B) interface
configure:4740: arm-none-linux-gnueabi-gcc -c -g -O2  conftest.c >&5
configure:4743: /home/xxha/cross_compile/gcc-4.1.2-glibc-2.5-nptl-3/arm-none-linux-gnueabi/bin//arm-none-linux-gnueabi-nm -B "conftest.o"
configure:4746: output
00000000 B some_variable
configure:4753: result: BSD nm
configure:4756: checking whether ln -s works
configure:4760: result: yes
configure:4768: checking the maximum length of command line arguments
configure:4898: result: 1572864
configure:4915: checking whether the shell understands some XSI constructs
configure:4925: result: yes
configure:4929: checking whether the shell understands "+="
configure:4935: result: yes
configure:4970: checking how to convert i686-pc-linux-gnu file names to arm-none-linux-gnueabi format
configure:5010: result: func_convert_file_noop
configure:5017: checking how to convert i686-pc-linux-gnu file names to toolchain format
configure:5037: result: func_convert_file_noop
configure:5044: checking for /home/xxha/cross_compile/gcc-4.1.2-glibc-2.5-nptl-3/arm-none-linux-gnueabi/arm-none-linux-gnueabi/bin/ld option to reload object files
configure:5051: result: -r
configure:5085: checking for arm-none-linux-gnueabi-objdump
configure:5101: found /home/xxha/cross_compile/gcc-4.1.2-glibc-2.5-nptl-3/arm-none-linux-gnueabi/bin//arm-none-linux-gnueabi-objdump
configure:5112: result: arm-none-linux-gnueabi-objdump
configure:5184: checking how to recognize dependent libraries
configure:5386: result: pass_all
configure:5431: checking for arm-none-linux-gnueabi-dlltool
configure:5461: result: no
configure:5471: checking for dlltool
configure:5501: result: no
configure:5531: checking how to associate runtime and link libraries
configure:5558: result: printf %s\n
configure:5575: checking for arm-none-linux-gnueabi-ar
configure:5591: found /home/xxha/cross_compile/gcc-4.1.2-glibc-2.5-nptl-3/arm-none-linux-gnueabi/bin//arm-none-linux-gnueabi-ar
configure:5602: result: arm-none-linux-gnueabi-ar
configure:5683: checking for archiver @FILE support
configure:5700: arm-none-linux-gnueabi-gcc -c -g -O2  conftest.c >&5
configure:5700: $? = 0
configure:5703: arm-none-linux-gnueabi-ar cru libconftest.a @conftest.lst >&5
configure:5706: $? = 0
configure:5711: arm-none-linux-gnueabi-ar cru libconftest.a @conftest.lst >&5
arm-none-linux-gnueabi-ar: conftest.o: No such file or directory
configure:5714: $? = 1
configure:5726: result: @
configure:5744: checking for arm-none-linux-gnueabi-strip
configure:5771: result: arm-none-linux-gnueabi-strip
configure:5843: checking for arm-none-linux-gnueabi-ranlib
configure:5859: found /home/xxha/cross_compile/gcc-4.1.2-glibc-2.5-nptl-3/arm-none-linux-gnueabi/bin//arm-none-linux-gnueabi-ranlib
configure:5870: result: arm-none-linux-gnueabi-ranlib
configure:6012: checking command to parse /home/xxha/cross_compile/gcc-4.1.2-glibc-2.5-nptl-3/arm-none-linux-gnueabi/bin//arm-none-linux-gnueabi-nm -B output from arm-none-linux-gnueabi-gcc object
configure:6132: arm-none-linux-gnueabi-gcc -c -g -O2  conftest.c >&5
configure:6135: $? = 0
configure:6139: /home/xxha/cross_compile/gcc-4.1.2-glibc-2.5-nptl-3/arm-none-linux-gnueabi/bin//arm-none-linux-gnueabi-nm -B conftest.o \| sed -n -e 's/^.*[ ]\([ABCDGIRSTW][ABCDGIRSTW]*\)[ ][ ]*\([_A-Za-z][_A-Za-z0-9]*\)$/\1 \2 \2/p' | sed '/ __gnu_lto/d' \> conftest.nm
configure:6142: $? = 0
configure:6208: arm-none-linux-gnueabi-gcc -o conftest -g -O2   conftest.c conftstm.o >&5
configure:6211: $? = 0
configure:6249: result: ok
configure:6286: checking for sysroot
configure:6316: result: no
configure:6532: checking for arm-none-linux-gnueabi-mt
configure:6562: result: no
configure:6572: checking for mt
configure:6588: found /bin/mt
configure:6599: result: mt
configure:6611: WARNING: using cross tools not prefixed with host triplet
configure:6622: checking if mt is a manifest tool
configure:6628: mt '-?'
configure:6636: result: no
configure:7278: checking how to run the C preprocessor
configure:7309: arm-none-linux-gnueabi-gcc -E  conftest.c
configure:7309: $? = 0
configure:7323: arm-none-linux-gnueabi-gcc -E  conftest.c
conftest.c:11:28: error: ac_nonexistent.h: No such file or directory
configure:7323: $? = 1
configure: failed program was:
| /* confdefs.h */
| #define PACKAGE_NAME "libusbx"
| #define PACKAGE_TARNAME "libusbx"
| #define PACKAGE_VERSION "1.0.16"
| #define PACKAGE_STRING "libusbx 1.0.16"
| #define PACKAGE_BUGREPORT "libusbx-devel@lists.sourceforge.net"
| #define PACKAGE_URL "http://libusbx.org"
| #define PACKAGE "libusbx"
| #define VERSION "1.0.16"
| /* end confdefs.h.  */
| #include <ac_nonexistent.h>
configure:7348: result: arm-none-linux-gnueabi-gcc -E
configure:7368: arm-none-linux-gnueabi-gcc -E  conftest.c
configure:7368: $? = 0
configure:7382: arm-none-linux-gnueabi-gcc -E  conftest.c
conftest.c:11:28: error: ac_nonexistent.h: No such file or directory
configure:7382: $? = 1
configure: failed program was:
| /* confdefs.h */
| #define PACKAGE_NAME "libusbx"
| #define PACKAGE_TARNAME "libusbx"
| #define PACKAGE_VERSION "1.0.16"
| #define PACKAGE_STRING "libusbx 1.0.16"
| #define PACKAGE_BUGREPORT "libusbx-devel@lists.sourceforge.net"
| #define PACKAGE_URL "http://libusbx.org"
| #define PACKAGE "libusbx"
| #define VERSION "1.0.16"
| /* end confdefs.h.  */
| #include <ac_nonexistent.h>
configure:7411: checking for ANSI C header files
configure:7431: arm-none-linux-gnueabi-gcc -c -g -O2  conftest.c >&5
configure:7431: $? = 0
configure:7515: result: yes
configure:7528: checking for sys/types.h
configure:7528: arm-none-linux-gnueabi-gcc -c -g -O2  conftest.c >&5
configure:7528: $? = 0
configure:7528: result: yes
configure:7528: checking for sys/stat.h
configure:7528: arm-none-linux-gnueabi-gcc -c -g -O2  conftest.c >&5
configure:7528: $? = 0
configure:7528: result: yes
configure:7528: checking for stdlib.h
configure:7528: arm-none-linux-gnueabi-gcc -c -g -O2  conftest.c >&5
configure:7528: $? = 0
configure:7528: result: yes
configure:7528: checking for string.h
configure:7528: arm-none-linux-gnueabi-gcc -c -g -O2  conftest.c >&5
configure:7528: $? = 0
configure:7528: result: yes
configure:7528: checking for memory.h
configure:7528: arm-none-linux-gnueabi-gcc -c -g -O2  conftest.c >&5
configure:7528: $? = 0
configure:7528: result: yes
configure:7528: checking for strings.h
configure:7528: arm-none-linux-gnueabi-gcc -c -g -O2  conftest.c >&5
configure:7528: $? = 0
configure:7528: result: yes
configure:7528: checking for inttypes.h
configure:7528: arm-none-linux-gnueabi-gcc -c -g -O2  conftest.c >&5
configure:7528: $? = 0
configure:7528: result: yes
configure:7528: checking for stdint.h
configure:7528: arm-none-linux-gnueabi-gcc -c -g -O2  conftest.c >&5
configure:7528: $? = 0
configure:7528: result: yes
configure:7528: checking for unistd.h
configure:7528: arm-none-linux-gnueabi-gcc -c -g -O2  conftest.c >&5
configure:7528: $? = 0
configure:7528: result: yes
configure:7542: checking for dlfcn.h
configure:7542: arm-none-linux-gnueabi-gcc -c -g -O2  conftest.c >&5
configure:7542: $? = 0
configure:7542: result: yes
configure:7748: checking for objdir
configure:7763: result: .libs
configure:8034: checking if arm-none-linux-gnueabi-gcc supports -fno-rtti -fno-exceptions
configure:8052: arm-none-linux-gnueabi-gcc -c -g -O2  -fno-rtti -fno-exceptions conftest.c >&5
cc1: warning: command line option "-fno-rtti" is valid for C++/ObjC++ but not for C
configure:8056: $? = 0
configure:8069: result: no
configure:8396: checking for arm-none-linux-gnueabi-gcc option to produce PIC
configure:8403: result: -fPIC -DPIC
configure:8411: checking if arm-none-linux-gnueabi-gcc PIC flag -fPIC -DPIC works
configure:8429: arm-none-linux-gnueabi-gcc -c -g -O2  -fPIC -DPIC -DPIC conftest.c >&5
configure:8433: $? = 0
configure:8446: result: yes
configure:8475: checking if arm-none-linux-gnueabi-gcc static flag -static works
configure:8503: result: yes
configure:8518: checking if arm-none-linux-gnueabi-gcc supports -c -o file.o
configure:8539: arm-none-linux-gnueabi-gcc -c -g -O2  -o out/conftest2.o conftest.c >&5
configure:8543: $? = 0
configure:8565: result: yes
configure:8573: checking if arm-none-linux-gnueabi-gcc supports -c -o file.o
configure:8620: result: yes
configure:8653: checking whether the arm-none-linux-gnueabi-gcc linker (/home/xxha/cross_compile/gcc-4.1.2-glibc-2.5-nptl-3/arm-none-linux-gnueabi/arm-none-linux-gnueabi/bin/ld) supports shared libraries
configure:9806: result: yes
configure:9843: checking whether -lc should be explicitly linked in
configure:9851: arm-none-linux-gnueabi-gcc -c -g -O2  conftest.c >&5
configure:9854: $? = 0
configure:9869: arm-none-linux-gnueabi-gcc -shared  -fPIC -DPIC conftest.o  -v -Wl,-soname -Wl,conftest -o conftest 2\>\&1 \| /bin/grep  -lc  \>/dev/null 2\>\&1
configure:9872: $? = 0
configure:9886: result: no
configure:10046: checking dynamic linker characteristics
configure:10557: arm-none-linux-gnueabi-gcc -o conftest -g -O2   -Wl,-rpath -Wl,/foo conftest.c  >&5
configure:10557: $? = 0
configure:10783: result: GNU/Linux ld.so
configure:10890: checking how to hardcode library paths into programs
configure:10915: result: immediate
configure:11455: checking whether stripping libraries is possible
configure:11460: result: yes
configure:11495: checking if libtool supports shared libraries
configure:11497: result: yes
configure:11500: checking whether to build shared libraries
configure:11521: result: yes
configure:11524: checking whether to build static libraries
configure:11528: result: yes
configure:11568: checking for arm-none-linux-gnueabi-windres
configure:11598: result: no
configure:11608: checking for windres
configure:11638: result: no
configure:11742: checking for inline
configure:11758: arm-none-linux-gnueabi-gcc -c -g -O2  conftest.c >&5
configure:11758: $? = 0
configure:11766: result: inline
configure:11785: checking whether arm-none-linux-gnueabi-gcc and cc understand -c and -o together
configure:11816: arm-none-linux-gnueabi-gcc -c conftest.c -o conftest2.o >&5
configure:11820: $? = 0
configure:11826: arm-none-linux-gnueabi-gcc -c conftest.c -o conftest2.o >&5
configure:11830: $? = 0
configure:11841: cc -c conftest.c >&5
configure:11845: $? = 0
configure:11853: cc -c conftest.c -o conftest2.o >&5
configure:11857: $? = 0
configure:11863: cc -c conftest.c -o conftest2.o >&5
configure:11867: $? = 0
configure:11885: result: yes
configure:11916: checking operating system
configure:11921: result: Linux
configure:11968: checking for library containing clock_gettime
configure:11999: arm-none-linux-gnueabi-gcc -o conftest -g -O2   conftest.c  >&5
/tmp/cc2rylDo.o: In function `main':
/home/xxha/tools/libusb/libusbx-1.0.16/conftest.c:36: undefined reference to `clock_gettime'
collect2: ld returned 1 exit status
configure:11999: $? = 1
configure: failed program was:
| /* confdefs.h */
| #define PACKAGE_NAME "libusbx"
| #define PACKAGE_TARNAME "libusbx"
| #define PACKAGE_VERSION "1.0.16"
| #define PACKAGE_STRING "libusbx 1.0.16"
| #define PACKAGE_BUGREPORT "libusbx-devel@lists.sourceforge.net"
| #define PACKAGE_URL "http://libusbx.org"
| #define PACKAGE "libusbx"
| #define VERSION "1.0.16"
| #define STDC_HEADERS 1
| #define HAVE_SYS_TYPES_H 1
| #define HAVE_SYS_STAT_H 1
| #define HAVE_STDLIB_H 1
| #define HAVE_STRING_H 1
| #define HAVE_MEMORY_H 1
| #define HAVE_STRINGS_H 1
| #define HAVE_INTTYPES_H 1
| #define HAVE_STDINT_H 1
| #define HAVE_UNISTD_H 1
| #define HAVE_DLFCN_H 1
| #define LT_OBJDIR ".libs/"
| #define _GNU_SOURCE 1
| #define OS_LINUX 1
| /* end confdefs.h.  */
| 
| /* Override any GCC internal prototype to avoid an error.
|    Use char because int might match the return type of a GCC
|    builtin and then its argument prototype would still apply.  */
| #ifdef __cplusplus
| extern "C"
| #endif
| char clock_gettime ();
| int
| main ()
| {
| return clock_gettime ();
|   ;
|   return 0;
| }
configure:11999: arm-none-linux-gnueabi-gcc -o conftest -g -O2   conftest.c -lrt -pthread  >&5
configure:11999: $? = 0
configure:12016: result: -lrt
configure:12119: checking poll.h usability
configure:12119: arm-none-linux-gnueabi-gcc -c -g -O2  conftest.c >&5
configure:12119: $? = 0
configure:12119: result: yes
configure:12119: checking poll.h presence
configure:12119: arm-none-linux-gnueabi-gcc -E  conftest.c
configure:12119: $? = 0
configure:12119: result: yes
configure:12119: checking for poll.h
configure:12119: result: yes
configure:12266: checking sys/timerfd.h usability
configure:12266: arm-none-linux-gnueabi-gcc -c -g -O2  conftest.c >&5
conftest.c:61:25: error: sys/timerfd.h: No such file or directory
configure:12266: $? = 1
configure: failed program was:
| /* confdefs.h */
| #define PACKAGE_NAME "libusbx"
| #define PACKAGE_TARNAME "libusbx"
| #define PACKAGE_VERSION "1.0.16"
| #define PACKAGE_STRING "libusbx 1.0.16"
| #define PACKAGE_BUGREPORT "libusbx-devel@lists.sourceforge.net"
| #define PACKAGE_URL "http://libusbx.org"
| #define PACKAGE "libusbx"
| #define VERSION "1.0.16"
| #define STDC_HEADERS 1
| #define HAVE_SYS_TYPES_H 1
| #define HAVE_SYS_STAT_H 1
| #define HAVE_STDLIB_H 1
| #define HAVE_STRING_H 1
| #define HAVE_MEMORY_H 1
| #define HAVE_STRINGS_H 1
| #define HAVE_INTTYPES_H 1
| #define HAVE_STDINT_H 1
| #define HAVE_UNISTD_H 1
| #define HAVE_DLFCN_H 1
| #define LT_OBJDIR ".libs/"
| #define _GNU_SOURCE 1
| #define OS_LINUX 1
| #define HAVE_POLL_H 1
| #define POLL_NFDS_TYPE nfds_t
| #define THREADS_POSIX 1
| /* end confdefs.h.  */
| #include <stdio.h>
| #ifdef HAVE_SYS_TYPES_H
| # include <sys/types.h>
| #endif
| #ifdef HAVE_SYS_STAT_H
| # include <sys/stat.h>
| #endif
| #ifdef STDC_HEADERS
| # include <stdlib.h>
| # include <stddef.h>
| #else
| # ifdef HAVE_STDLIB_H
| #  include <stdlib.h>
| # endif
| #endif
| #ifdef HAVE_STRING_H
| # if !defined STDC_HEADERS && defined HAVE_MEMORY_H
| #  include <memory.h>
| # endif
| # include <string.h>
| #endif
| #ifdef HAVE_STRINGS_H
| # include <strings.h>
| #endif
| #ifdef HAVE_INTTYPES_H
| # include <inttypes.h>
| #endif
| #ifdef HAVE_STDINT_H
| # include <stdint.h>
| #endif
| #ifdef HAVE_UNISTD_H
| # include <unistd.h>
| #endif
| #include <sys/timerfd.h>
configure:12266: result: no
configure:12266: checking sys/timerfd.h presence
configure:12266: arm-none-linux-gnueabi-gcc -E  conftest.c
conftest.c:28:25: error: sys/timerfd.h: No such file or directory
configure:12266: $? = 1
configure: failed program was:
| /* confdefs.h */
| #define PACKAGE_NAME "libusbx"
| #define PACKAGE_TARNAME "libusbx"
| #define PACKAGE_VERSION "1.0.16"
| #define PACKAGE_STRING "libusbx 1.0.16"
| #define PACKAGE_BUGREPORT "libusbx-devel@lists.sourceforge.net"
| #define PACKAGE_URL "http://libusbx.org"
| #define PACKAGE "libusbx"
| #define VERSION "1.0.16"
| #define STDC_HEADERS 1
| #define HAVE_SYS_TYPES_H 1
| #define HAVE_SYS_STAT_H 1
| #define HAVE_STDLIB_H 1
| #define HAVE_STRING_H 1
| #define HAVE_MEMORY_H 1
| #define HAVE_STRINGS_H 1
| #define HAVE_INTTYPES_H 1
| #define HAVE_STDINT_H 1
| #define HAVE_UNISTD_H 1
| #define HAVE_DLFCN_H 1
| #define LT_OBJDIR ".libs/"
| #define _GNU_SOURCE 1
| #define OS_LINUX 1
| #define HAVE_POLL_H 1
| #define POLL_NFDS_TYPE nfds_t
| #define THREADS_POSIX 1
| /* end confdefs.h.  */
| #include <sys/timerfd.h>
configure:12266: result: no
configure:12266: checking for sys/timerfd.h
configure:12266: result: no
configure:12286: checking whether TFD_NONBLOCK is declared
configure:12286: arm-none-linux-gnueabi-gcc -c -g -O2  conftest.c >&5
conftest.c:28:25: error: sys/timerfd.h: No such file or directory
conftest.c: In function 'main':
conftest.c:37: error: 'TFD_NONBLOCK' undeclared (first use in this function)
conftest.c:37: error: (Each undeclared identifier is reported only once
conftest.c:37: error: for each function it appears in.)
configure:12286: $? = 1
configure: failed program was:
| /* confdefs.h */
| #define PACKAGE_NAME "libusbx"
| #define PACKAGE_TARNAME "libusbx"
| #define PACKAGE_VERSION "1.0.16"
| #define PACKAGE_STRING "libusbx 1.0.16"
| #define PACKAGE_BUGREPORT "libusbx-devel@lists.sourceforge.net"
| #define PACKAGE_URL "http://libusbx.org"
| #define PACKAGE "libusbx"
| #define VERSION "1.0.16"
| #define STDC_HEADERS 1
| #define HAVE_SYS_TYPES_H 1
| #define HAVE_SYS_STAT_H 1
| #define HAVE_STDLIB_H 1
| #define HAVE_STRING_H 1
| #define HAVE_MEMORY_H 1
| #define HAVE_STRINGS_H 1
| #define HAVE_INTTYPES_H 1
| #define HAVE_STDINT_H 1
| #define HAVE_UNISTD_H 1
| #define HAVE_DLFCN_H 1
| #define LT_OBJDIR ".libs/"
| #define _GNU_SOURCE 1
| #define OS_LINUX 1
| #define HAVE_POLL_H 1
| #define POLL_NFDS_TYPE nfds_t
| #define THREADS_POSIX 1
| /* end confdefs.h.  */
| #include <sys/timerfd.h>
| 
| int
| main ()
| {
| #ifndef TFD_NONBLOCK
| #ifdef __cplusplus
|   (void) TFD_NONBLOCK;
| #else
|   (void) TFD_NONBLOCK;
| #endif
| #endif
| 
|   ;
|   return 0;
| }
configure:12286: result: no
configure:12298: checking whether to use timerfd for timing
configure:12311: result: no (header not available)
configure:12316: checking for struct timespec
configure:12316: arm-none-linux-gnueabi-gcc -c -g -O2  conftest.c >&5
configure:12316: $? = 0
configure:12316: arm-none-linux-gnueabi-gcc -c -g -O2  conftest.c >&5
conftest.c: In function 'main':
conftest.c:64: error: expected expression before ')' token
configure:12316: $? = 1
configure: failed program was:
| /* confdefs.h */
| #define PACKAGE_NAME "libusbx"
| #define PACKAGE_TARNAME "libusbx"
| #define PACKAGE_VERSION "1.0.16"
| #define PACKAGE_STRING "libusbx 1.0.16"
| #define PACKAGE_BUGREPORT "libusbx-devel@lists.sourceforge.net"
| #define PACKAGE_URL "http://libusbx.org"
| #define PACKAGE "libusbx"
| #define VERSION "1.0.16"
| #define STDC_HEADERS 1
| #define HAVE_SYS_TYPES_H 1
| #define HAVE_SYS_STAT_H 1
| #define HAVE_STDLIB_H 1
| #define HAVE_STRING_H 1
| #define HAVE_MEMORY_H 1
| #define HAVE_STRINGS_H 1
| #define HAVE_INTTYPES_H 1
| #define HAVE_STDINT_H 1
| #define HAVE_UNISTD_H 1
| #define HAVE_DLFCN_H 1
| #define LT_OBJDIR ".libs/"
| #define _GNU_SOURCE 1
| #define OS_LINUX 1
| #define HAVE_POLL_H 1
| #define POLL_NFDS_TYPE nfds_t
| #define THREADS_POSIX 1
| /* end confdefs.h.  */
| #include <stdio.h>
| #ifdef HAVE_SYS_TYPES_H
| # include <sys/types.h>
| #endif
| #ifdef HAVE_SYS_STAT_H
| # include <sys/stat.h>
| #endif
| #ifdef STDC_HEADERS
| # include <stdlib.h>
| # include <stddef.h>
| #else
| # ifdef HAVE_STDLIB_H
| #  include <stdlib.h>
| # endif
| #endif
| #ifdef HAVE_STRING_H
| # if !defined STDC_HEADERS && defined HAVE_MEMORY_H
| #  include <memory.h>
| # endif
| # include <string.h>
| #endif
| #ifdef HAVE_STRINGS_H
| # include <strings.h>
| #endif
| #ifdef HAVE_INTTYPES_H
| # include <inttypes.h>
| #endif
| #ifdef HAVE_STDINT_H
| # include <stdint.h>
| #endif
| #ifdef HAVE_UNISTD_H
| # include <unistd.h>
| #endif
| int
| main ()
| {
| if (sizeof ((struct timespec)))
| 	    return 0;
|   ;
|   return 0;
| }
configure:12316: result: yes
configure:12403: arm-none-linux-gnueabi-gcc -c -g -O2 -Werror -fvisibility=hidden  conftest.c >&5
configure:12403: $? = 0
configure:12431: arm-none-linux-gnueabi-gcc -c -g -O2 -Wno-pointer-sign  conftest.c >&5
configure:12431: $? = 0
configure:12440: checking for sigaction
configure:12440: arm-none-linux-gnueabi-gcc -o conftest -g -O2   conftest.c -lrt  -pthread >&5
configure:12440: $? = 0
configure:12440: result: yes
configure:12459: checking sys/time.h usability
configure:12459: arm-none-linux-gnueabi-gcc -c -g -O2  conftest.c >&5
configure:12459: $? = 0
configure:12459: result: yes
configure:12459: checking sys/time.h presence
configure:12459: arm-none-linux-gnueabi-gcc -E  conftest.c
configure:12459: $? = 0
configure:12459: result: yes
configure:12459: checking for sys/time.h
configure:12459: result: yes
configure:12471: checking for gettimeofday
configure:12471: arm-none-linux-gnueabi-gcc -o conftest -g -O2   conftest.c -lrt  -pthread >&5
configure:12471: $? = 0
configure:12471: result: yes
configure:12482: checking signal.h usability
configure:12482: arm-none-linux-gnueabi-gcc -c -g -O2  conftest.c >&5
configure:12482: $? = 0
configure:12482: result: yes
configure:12482: checking signal.h presence
configure:12482: arm-none-linux-gnueabi-gcc -E  conftest.c
configure:12482: $? = 0
configure:12482: result: yes
configure:12482: checking for signal.h
configure:12482: result: yes
configure:12621: checking that generated files are newer than configure
configure:12627: result: done
configure:12694: creating ./config.status

## ---------------------- ##
## Running config.status. ##
## ---------------------- ##

This file was extended by libusbx config.status 1.0.16, which was
generated by GNU Autoconf 2.69.  Invocation command line was

  CONFIG_FILES    = 
  CONFIG_HEADERS  = 
  CONFIG_LINKS    = 
  CONFIG_COMMANDS = 
  $ ./config.status 

on xxha-PAF4

config.status:1173: creating libusb-1.0.pc
config.status:1173: creating Makefile
config.status:1173: creating libusb/Makefile
config.status:1173: creating examples/Makefile
config.status:1173: creating tests/Makefile
config.status:1173: creating doc/Makefile
config.status:1173: creating doc/doxygen.cfg
config.status:1173: creating config.h
config.status:1354: config.h is unchanged
config.status:1402: executing depfiles commands
config.status:1402: executing libtool commands

## ---------------- ##
## Cache variables. ##
## ---------------- ##

ac_cv_build=i686-pc-linux-gnu
ac_cv_c_compiler_gnu=yes
ac_cv_c_inline=inline
ac_cv_env_CC_set=
ac_cv_env_CC_value=
ac_cv_env_CFLAGS_set=
ac_cv_env_CFLAGS_value=
ac_cv_env_CPPFLAGS_set=
ac_cv_env_CPPFLAGS_value=
ac_cv_env_CPP_set=
ac_cv_env_CPP_value=
ac_cv_env_LDFLAGS_set=
ac_cv_env_LDFLAGS_value=
ac_cv_env_LIBS_set=
ac_cv_env_LIBS_value=
ac_cv_env_build_alias_set=
ac_cv_env_build_alias_value=
ac_cv_env_host_alias_set=set
ac_cv_env_host_alias_value=arm-none-linux-gnueabi
ac_cv_env_target_alias_set=
ac_cv_env_target_alias_value=
ac_cv_func_gettimeofday=yes
ac_cv_func_sigaction=yes
ac_cv_have_decl_TFD_NONBLOCK=no
ac_cv_header_dlfcn_h=yes
ac_cv_header_inttypes_h=yes
ac_cv_header_memory_h=yes
ac_cv_header_poll_h=yes
ac_cv_header_signal_h=yes
ac_cv_header_stdc=yes
ac_cv_header_stdint_h=yes
ac_cv_header_stdlib_h=yes
ac_cv_header_string_h=yes
ac_cv_header_strings_h=yes
ac_cv_header_sys_stat_h=yes
ac_cv_header_sys_time_h=yes
ac_cv_header_sys_timerfd_h=no
ac_cv_header_sys_types_h=yes
ac_cv_header_unistd_h=yes
ac_cv_host=arm-none-linux-gnueabi
ac_cv_objext=o
ac_cv_path_EGREP='/bin/grep -E'
ac_cv_path_FGREP='/bin/grep -F'
ac_cv_path_GREP=/bin/grep
ac_cv_path_SED=/bin/sed
ac_cv_path_install='/usr/bin/install -c'
ac_cv_path_mkdir=/bin/mkdir
ac_cv_prog_AR=arm-none-linux-gnueabi-ar
ac_cv_prog_AWK=gawk
ac_cv_prog_CC=arm-none-linux-gnueabi-gcc
ac_cv_prog_CPP='arm-none-linux-gnueabi-gcc -E'
ac_cv_prog_OBJDUMP=arm-none-linux-gnueabi-objdump
ac_cv_prog_RANLIB=arm-none-linux-gnueabi-ranlib
ac_cv_prog_STRIP=arm-none-linux-gnueabi-strip
ac_cv_prog_ac_ct_MANIFEST_TOOL=mt
ac_cv_prog_cc_arm_none_linux_gnueabi_gcc_c_o=yes
ac_cv_prog_cc_c89=
ac_cv_prog_cc_g=yes
ac_cv_prog_make_make_set=yes
ac_cv_search_clock_gettime=-lrt
ac_cv_type_struct_timespec=yes
am_cv_CC_dependencies_compiler_type=gcc3
am_cv_make_support_nested_variables=yes
lt_cv_ar_at_file=@
lt_cv_archive_cmds_need_lc=no
lt_cv_deplibs_check_method=pass_all
lt_cv_file_magic_cmd='$MAGIC_CMD'
lt_cv_file_magic_test_file=
lt_cv_ld_reload_flag=-r
lt_cv_nm_interface='BSD nm'
lt_cv_objdir=.libs
lt_cv_path_LD=/home/xxha/cross_compile/gcc-4.1.2-glibc-2.5-nptl-3/arm-none-linux-gnueabi/arm-none-linux-gnueabi/bin/ld
lt_cv_path_NM='/home/xxha/cross_compile/gcc-4.1.2-glibc-2.5-nptl-3/arm-none-linux-gnueabi/bin//arm-none-linux-gnueabi-nm -B'
lt_cv_path_mainfest_tool=no
lt_cv_prog_compiler_c_o=yes
lt_cv_prog_compiler_c_o_RC=yes
lt_cv_prog_compiler_pic='-fPIC -DPIC'
lt_cv_prog_compiler_pic_works=yes
lt_cv_prog_compiler_rtti_exceptions=no
lt_cv_prog_compiler_static_works=yes
lt_cv_prog_gnu_ld=yes
lt_cv_sharedlib_from_linklib_cmd='printf %s\n'
lt_cv_shlibpath_overrides_runpath=no
lt_cv_sys_global_symbol_pipe='sed -n -e '\''s/^.*[	 ]\([ABCDGIRSTW][ABCDGIRSTW]*\)[	 ][	 ]*\([_A-Za-z][_A-Za-z0-9]*\)$/\1 \2 \2/p'\'' | sed '\''/ __gnu_lto/d'\'''
lt_cv_sys_global_symbol_to_c_name_address='sed -n -e '\''s/^: \([^ ]*\)[ ]*$/  {\"\1\", (void *) 0},/p'\'' -e '\''s/^[ABCDGIRSTW]* \([^ ]*\) \([^ ]*\)$/  {"\2", (void *) \&\2},/p'\'''
lt_cv_sys_global_symbol_to_c_name_address_lib_prefix='sed -n -e '\''s/^: \([^ ]*\)[ ]*$/  {\"\1\", (void *) 0},/p'\'' -e '\''s/^[ABCDGIRSTW]* \([^ ]*\) \(lib[^ ]*\)$/  {"\2", (void *) \&\2},/p'\'' -e '\''s/^[ABCDGIRSTW]* \([^ ]*\) \([^ ]*\)$/  {"lib\2", (void *) \&\2},/p'\'''
lt_cv_sys_global_symbol_to_cdecl='sed -n -e '\''s/^T .* \(.*\)$/extern int \1();/p'\'' -e '\''s/^[ABCDGIRSTW]* .* \(.*\)$/extern char \1;/p'\'''
lt_cv_sys_max_cmd_len=1572864
lt_cv_to_host_file_cmd=func_convert_file_noop
lt_cv_to_tool_file_cmd=func_convert_file_noop

## ----------------- ##
## Output variables. ##
## ----------------- ##

ACLOCAL='${SHELL} /home/xxha/tools/libusb/libusbx-1.0.16/missing aclocal-1.13'
AMDEPBACKSLASH='\'
AMDEP_FALSE='#'
AMDEP_TRUE=''
AMTAR='$${TAR-tar}'
AM_BACKSLASH='\'
AM_CFLAGS=' -std=gnu99 -Wall -Wundef -Wunused -Wstrict-prototypes -Werror-implicit-function-declaration -Wno-pointer-sign -Wshadow -pthread -fvisibility=hidden'
AM_DEFAULT_V='$(AM_DEFAULT_VERBOSITY)'
AM_DEFAULT_VERBOSITY='0'
AM_V='$(V)'
AR='arm-none-linux-gnueabi-ar'
AUTOCONF='${SHELL} /home/xxha/tools/libusb/libusbx-1.0.16/missing autoconf'
AUTOHEADER='${SHELL} /home/xxha/tools/libusb/libusbx-1.0.16/missing autoheader'
AUTOMAKE='${SHELL} /home/xxha/tools/libusb/libusbx-1.0.16/missing automake-1.13'
AWK='gawk'
BUILD_EXAMPLES_FALSE=''
BUILD_EXAMPLES_TRUE='#'
BUILD_TESTS_FALSE=''
BUILD_TESTS_TRUE='#'
CC='arm-none-linux-gnueabi-gcc'
CCDEPMODE='depmode=gcc3'
CFLAGS='-g -O2'
CPP='arm-none-linux-gnueabi-gcc -E'
CPPFLAGS=''
CREATE_IMPORT_LIB_FALSE=''
CREATE_IMPORT_LIB_TRUE='#'
CYGPATH_W='echo'
DEFS='-DHAVE_CONFIG_H'
DEPDIR='.deps'
DLLTOOL='false'
DSYMUTIL=''
DUMPBIN=''
ECHO_C=''
ECHO_N='-n'
ECHO_T=''
EGREP='/bin/grep -E'
EXEEXT=''
FGREP='/bin/grep -F'
GREP='/bin/grep'
HAVE_SIGACTION_FALSE='#'
HAVE_SIGACTION_TRUE=''
INSTALL_DATA='${INSTALL} -m 644'
INSTALL_PROGRAM='${INSTALL}'
INSTALL_SCRIPT='${INSTALL}'
INSTALL_STRIP_PROGRAM='$(install_sh) -c -s'
LD='/home/xxha/cross_compile/gcc-4.1.2-glibc-2.5-nptl-3/arm-none-linux-gnueabi/arm-none-linux-gnueabi/bin/ld'
LDFLAGS=''
LIBOBJS=''
LIBS='-lrt  -pthread'
LIBTOOL='$(SHELL) $(top_builddir)/libtool'
LIPO=''
LN_S='ln -s'
LTLDFLAGS='-version-info 1:0:1 -no-undefined'
LTLIBOBJS=''
MAINT='#'
MAINTAINER_MODE_FALSE=''
MAINTAINER_MODE_TRUE='#'
MAKEINFO='${SHELL} /home/xxha/tools/libusb/libusbx-1.0.16/missing makeinfo'
MANIFEST_TOOL=':'
MKDIR_P='/bin/mkdir -p'
NM='/home/xxha/cross_compile/gcc-4.1.2-glibc-2.5-nptl-3/arm-none-linux-gnueabi/bin//arm-none-linux-gnueabi-nm -B'
NMEDIT=''
OBJDUMP='arm-none-linux-gnueabi-objdump'
OBJEXT='o'
OS_DARWIN=''
OS_DARWIN_FALSE=''
OS_DARWIN_TRUE='#'
OS_LINUX=''
OS_LINUX_FALSE='#'
OS_LINUX_TRUE=''
OS_OPENBSD=''
OS_OPENBSD_FALSE=''
OS_OPENBSD_TRUE='#'
OS_WINDOWS=''
OS_WINDOWS_FALSE=''
OS_WINDOWS_TRUE='#'
OTOOL64=''
OTOOL=''
PACKAGE='libusbx'
PACKAGE_BUGREPORT='libusbx-devel@lists.sourceforge.net'
PACKAGE_NAME='libusbx'
PACKAGE_STRING='libusbx 1.0.16'
PACKAGE_TARNAME='libusbx'
PACKAGE_URL='http://libusbx.org'
PACKAGE_VERSION='1.0.16'
PATH_SEPARATOR=':'
RANLIB='arm-none-linux-gnueabi-ranlib'
RC=''
SED='/bin/sed'
SET_MAKE=''
SHELL='/bin/sh'
STRIP='arm-none-linux-gnueabi-strip'
THREADS_POSIX_FALSE='#'
THREADS_POSIX_TRUE=''
USE_UDEV=''
USE_UDEV_FALSE=''
USE_UDEV_TRUE='#'
VERSION='1.0.16'
ac_ct_AR=''
ac_ct_CC=''
ac_ct_DUMPBIN=''
am__EXEEXT_FALSE=''
am__EXEEXT_TRUE='#'
am__fastdepCC_FALSE='#'
am__fastdepCC_TRUE=''
am__include='include'
am__isrc=''
am__leading_dot='.'
am__nodep='_no'
am__quote=''
am__tar='$${TAR-tar} chof - "$$tardir"'
am__untar='$${TAR-tar} xf -'
bindir='${exec_prefix}/bin'
build='i686-pc-linux-gnu'
build_alias=''
build_cpu='i686'
build_os='linux-gnu'
build_vendor='pc'
datadir='${datarootdir}'
datarootdir='${prefix}/share'
docdir='${datarootdir}/doc/${PACKAGE_TARNAME}'
dvidir='${docdir}'
exec_prefix='${prefix}'
host='arm-none-linux-gnueabi'
host_alias='arm-none-linux-gnueabi'
host_cpu='arm'
host_os='linux-gnueabi'
host_vendor='none'
htmldir='${docdir}'
includedir='${prefix}/include'
infodir='${datarootdir}/info'
install_sh='${SHELL} /home/xxha/tools/libusb/libusbx-1.0.16/install-sh'
libdir='${exec_prefix}/lib'
libexecdir='${exec_prefix}/libexec'
localedir='${datarootdir}/locale'
localstatedir='${prefix}/var'
mandir='${datarootdir}/man'
mkdir_p='$(MKDIR_P)'
oldincludedir='/usr/include'
pdfdir='${docdir}'
prefix=''
program_transform_name='s,x,x,'
psdir='${docdir}'
sbindir='${exec_prefix}/sbin'
sharedstatedir='${prefix}/com'
sysconfdir='${prefix}/etc'
target_alias=''

## ----------- ##
## confdefs.h. ##
## ----------- ##

/* confdefs.h */
#define PACKAGE_NAME "libusbx"
#define PACKAGE_TARNAME "libusbx"
#define PACKAGE_VERSION "1.0.16"
#define PACKAGE_STRING "libusbx 1.0.16"
#define PACKAGE_BUGREPORT "libusbx-devel@lists.sourceforge.net"
#define PACKAGE_URL "http://libusbx.org"
#define PACKAGE "libusbx"
#define VERSION "1.0.16"
#define STDC_HEADERS 1
#define HAVE_SYS_TYPES_H 1
#define HAVE_SYS_STAT_H 1
#define HAVE_STDLIB_H 1
#define HAVE_STRING_H 1
#define HAVE_MEMORY_H 1
#define HAVE_STRINGS_H 1
#define HAVE_INTTYPES_H 1
#define HAVE_STDINT_H 1
#define HAVE_UNISTD_H 1
#define HAVE_DLFCN_H 1
#define LT_OBJDIR ".libs/"
#define _GNU_SOURCE 1
#define OS_LINUX 1
#define HAVE_POLL_H 1
#define POLL_NFDS_TYPE nfds_t
#define THREADS_POSIX 1
#define HAVE_STRUCT_TIMESPEC 1
#define ENABLE_LOGGING 1
#define DEFAULT_VISIBILITY __attribute__((visibility("default")))
#define HAVE_SYS_TIME_H 1
#define HAVE_GETTIMEOFDAY 1
#define HAVE_SIGNAL_H 1

configure: exit 0
